Traceback (most recent call last):
  File "/opt/hostedtoolcache/Python/3.11.14/x64/lib/python3.11/site-packages/jupyter_cache/executors/utils.py", line 58, in single_nb_execution
    executenb(
  File "/opt/hostedtoolcache/Python/3.11.14/x64/lib/python3.11/site-packages/nbclient/client.py", line 1323, in execute
    return NotebookClient(nb=nb, resources=resources, km=km, **kwargs).execute()
           ^^^^^^^^^^^^^^^^^^^^^^^^^^^^^^^^^^^^^^^^^^^^^^^^^^^^^^^^^^^^^^^^^^^^^
  File "/opt/hostedtoolcache/Python/3.11.14/x64/lib/python3.11/site-packages/jupyter_core/utils/__init__.py", line 165, in wrapped
    return loop.run_until_complete(inner)
           ^^^^^^^^^^^^^^^^^^^^^^^^^^^^^^
  File "/opt/hostedtoolcache/Python/3.11.14/x64/lib/python3.11/asyncio/base_events.py", line 654, in run_until_complete
    return future.result()
           ^^^^^^^^^^^^^^^
  File "/opt/hostedtoolcache/Python/3.11.14/x64/lib/python3.11/site-packages/nbclient/client.py", line 709, in async_execute
    await self.async_execute_cell(
  File "/opt/hostedtoolcache/Python/3.11.14/x64/lib/python3.11/site-packages/nbclient/client.py", line 1062, in async_execute_cell
    await self._check_raise_for_error(cell, cell_index, exec_reply)
  File "/opt/hostedtoolcache/Python/3.11.14/x64/lib/python3.11/site-packages/nbclient/client.py", line 918, in _check_raise_for_error
    raise CellExecutionError.from_cell_and_msg(cell, exec_reply_content)
nbclient.exceptions.CellExecutionError: An error occurred while executing the following cell:
------------------
energy_balance_df_diurnal_average = pd.read_pickle("../module3/energy_balance_df_diurnal_average.pkl")
energy_balance_df_diurnal_average = energy_balance_df_diurnal_average.drop(columns='residual')
energy_balance_df_diurnal_average
------------------


[31m---------------------------------------------------------------------------[39m
[31mKeyError[39m                                  Traceback (most recent call last)
[36mCell[39m[36m [39m[32mIn[15][39m[32m, line 2[39m
[32m      1[39m energy_balance_df_diurnal_average = pd.read_pickle([33m"[39m[33m../module3/energy_balance_df_diurnal_average.pkl[39m[33m"[39m)
[32m----> [39m[32m2[39m energy_balance_df_diurnal_average = [43menergy_balance_df_diurnal_average[49m[43m.[49m[43mdrop[49m[43m([49m[43mcolumns[49m[43m=[49m[33;43m'[39;49m[33;43mresidual[39;49m[33;43m'[39;49m[43m)[49m
[32m      3[39m energy_balance_df_diurnal_average

[36mFile [39m[32m/opt/hostedtoolcache/Python/3.11.14/x64/lib/python3.11/site-packages/pandas/core/frame.py:5603[39m, in [36mDataFrame.drop[39m[34m(self, labels, axis, index, columns, level, inplace, errors)[39m
[32m   5455[39m [38;5;28;01mdef[39;00m[38;5;250m [39m[34mdrop[39m(
[32m   5456[39m     [38;5;28mself[39m,
[32m   5457[39m     labels: IndexLabel | [38;5;28;01mNone[39;00m = [38;5;28;01mNone[39;00m,
[32m   (...)[39m[32m   5464[39m     errors: IgnoreRaise = [33m"[39m[33mraise[39m[33m"[39m,
[32m   5465[39m ) -> DataFrame | [38;5;28;01mNone[39;00m:
[32m   5466[39m [38;5;250m    [39m[33;03m"""[39;00m
[32m   5467[39m [33;03m    Drop specified labels from rows or columns.[39;00m
[32m   5468[39m 
[32m   (...)[39m[32m   5601[39m [33;03m            weight  1.0     0.8[39;00m
[32m   5602[39m [33;03m    """[39;00m
[32m-> [39m[32m5603[39m     [38;5;28;01mreturn[39;00m [38;5;28;43msuper[39;49m[43m([49m[43m)[49m[43m.[49m[43mdrop[49m[43m([49m
[32m   5604[39m [43m        [49m[43mlabels[49m[43m=[49m[43mlabels[49m[43m,[49m
[32m   5605[39m [43m        [49m[43maxis[49m[43m=[49m[43maxis[49m[43m,[49m
[32m   5606[39m [43m        [49m[43mindex[49m[43m=[49m[43mindex[49m[43m,[49m
[32m   5607[39m [43m        [49m[43mcolumns[49m[43m=[49m[43mcolumns[49m[43m,[49m
[32m   5608[39m [43m        [49m[43mlevel[49m[43m=[49m[43mlevel[49m[43m,[49m
[32m   5609[39m [43m        [49m[43minplace[49m[43m=[49m[43minplace[49m[43m,[49m
[32m   5610[39m [43m        [49m[43merrors[49m[43m=[49m[43merrors[49m[43m,[49m
[32m   5611[39m [43m    [49m[43m)[49m

[36mFile [39m[32m/opt/hostedtoolcache/Python/3.11.14/x64/lib/python3.11/site-packages/pandas/core/generic.py:4810[39m, in [36mNDFrame.drop[39m[34m(self, labels, axis, index, columns, level, inplace, errors)[39m
[32m   4808[39m [38;5;28;01mfor[39;00m axis, labels [38;5;129;01min[39;00m axes.items():
[32m   4809[39m     [38;5;28;01mif[39;00m labels [38;5;129;01mis[39;00m [38;5;129;01mnot[39;00m [38;5;28;01mNone[39;00m:
[32m-> [39m[32m4810[39m         obj = [43mobj[49m[43m.[49m[43m_drop_axis[49m[43m([49m[43mlabels[49m[43m,[49m[43m [49m[43maxis[49m[43m,[49m[43m [49m[43mlevel[49m[43m=[49m[43mlevel[49m[43m,[49m[43m [49m[43merrors[49m[43m=[49m[43merrors[49m[43m)[49m
[32m   4812[39m [38;5;28;01mif[39;00m inplace:
[32m   4813[39m     [38;5;28mself[39m._update_inplace(obj)

[36mFile [39m[32m/opt/hostedtoolcache/Python/3.11.14/x64/lib/python3.11/site-packages/pandas/core/generic.py:4852[39m, in [36mNDFrame._drop_axis[39m[34m(self, labels, axis, level, errors, only_slice)[39m
[32m   4850[39m         new_axis = axis.drop(labels, level=level, errors=errors)
[32m   4851[39m     [38;5;28;01melse[39;00m:
[32m-> [39m[32m4852[39m         new_axis = [43maxis[49m[43m.[49m[43mdrop[49m[43m([49m[43mlabels[49m[43m,[49m[43m [49m[43merrors[49m[43m=[49m[43merrors[49m[43m)[49m
[32m   4853[39m     indexer = axis.get_indexer(new_axis)
[32m   4855[39m [38;5;66;03m# Case for non-unique axis[39;00m
[32m   4856[39m [38;5;28;01melse[39;00m:

[36mFile [39m[32m/opt/hostedtoolcache/Python/3.11.14/x64/lib/python3.11/site-packages/pandas/core/indexes/base.py:7136[39m, in [36mIndex.drop[39m[34m(self, labels, errors)[39m
[32m   7134[39m [38;5;28;01mif[39;00m mask.any():
[32m   7135[39m     [38;5;28;01mif[39;00m errors != [33m"[39m[33mignore[39m[33m"[39m:
[32m-> [39m[32m7136[39m         [38;5;28;01mraise[39;00m [38;5;167;01mKeyError[39;00m([33mf[39m[33m"[39m[38;5;132;01m{[39;00mlabels[mask].tolist()[38;5;132;01m}[39;00m[33m not found in axis[39m[33m"[39m)
[32m   7137[39m     indexer = indexer[~mask]
[32m   7138[39m [38;5;28;01mreturn[39;00m [38;5;28mself[39m.delete(indexer)

[31mKeyError[39m: "['residual'] not found in axis"

